<?xml version="1.0" encoding="UTF-8"?>
<testng-results ignored="0" total="2" passed="1" failed="1" skipped="0">
  <reporter-output>
  </reporter-output>
  <suite started-at="2021-08-17T15:24:33 MESZ" name="Command line suite" finished-at="2021-08-17T15:24:33 MESZ" duration-ms="36">
    <groups>
    </groups>
    <test started-at="2021-08-17T15:24:33 MESZ" name="Command line test" finished-at="2021-08-17T15:24:33 MESZ" duration-ms="36">
      <class name="com.tngtech.jgiven.tests.FailingCasesTestNgTest">
        <test-method signature="failing_cases_do_not_lead_to_ignored_following_cases(boolean)[pri:0, instance:com.tngtech.jgiven.tests.FailingCasesTestNgTest@5d035a14]" started-at="2021-08-17T15:24:33 MESZ" name="failing_cases_do_not_lead_to_ignored_following_cases" data-provider="booleans" finished-at="2021-08-17T15:24:33 MESZ" duration-ms="17" status="FAIL">
          <params>
            <param index="0">
              <value>
                <![CDATA[true]]>
              </value>
            </param>
          </params>
          <exception class="java.lang.IllegalArgumentException">
            <full-stacktrace>
              <![CDATA[java.lang.IllegalArgumentException
at com.tngtech.jgiven.tests.GivenTestStage.a_failed_step(GivenTestStage.java:15)
at com.tngtech.jgiven.tests.GivenTestStage$ByteBuddy$XUBaGOF7.a_failed_step$accessor$CjHxtV3M(Unknown Source)
at com.tngtech.jgiven.tests.GivenTestStage$ByteBuddy$XUBaGOF7$auxiliary$40GaAlEj.call(Unknown Source)
at com.tngtech.jgiven.impl.intercept.StepInterceptorImpl.doIntercept(StepInterceptorImpl.java:111)
at com.tngtech.jgiven.impl.intercept.StepInterceptorImpl.intercept(StepInterceptorImpl.java:82)
at com.tngtech.jgiven.impl.intercept.ByteBuddyMethodInterceptor.interceptSuper(ByteBuddyMethodInterceptor.java:37)
at com.tngtech.jgiven.tests.GivenTestStage$ByteBuddy$XUBaGOF7.a_failed_step(Unknown Source)
at com.tngtech.jgiven.tests.FailingCasesTestNgTest.failing_cases_do_not_lead_to_ignored_following_cases(FailingCasesTestNgTest.java:24)
at java.base/jdk.internal.reflect.NativeMethodAccessorImpl.invoke0(Native Method)
at java.base/jdk.internal.reflect.NativeMethodAccessorImpl.invoke(NativeMethodAccessorImpl.java:62)
at java.base/jdk.internal.reflect.DelegatingMethodAccessorImpl.invoke(DelegatingMethodAccessorImpl.java:43)
at java.base/java.lang.reflect.Method.invoke(Method.java:567)
at org.testng.internal.MethodInvocationHelper.invokeMethod(MethodInvocationHelper.java:133)
at org.testng.internal.TestInvoker.invokeMethod(TestInvoker.java:598)
at org.testng.internal.TestInvoker.invokeTestMethod(TestInvoker.java:173)
at org.testng.internal.MethodRunner.runInSequence(MethodRunner.java:46)
at org.testng.internal.TestInvoker$MethodInvocationAgent.invoke(TestInvoker.java:824)
at org.testng.internal.TestInvoker.invokeTestMethods(TestInvoker.java:146)
at org.testng.internal.TestMethodWorker.invokeTestMethods(TestMethodWorker.java:146)
at org.testng.internal.TestMethodWorker.run(TestMethodWorker.java:128)
at java.base/java.util.ArrayList.forEach(ArrayList.java:1508)
at org.testng.TestRunner.privateRun(TestRunner.java:794)
at org.testng.TestRunner.run(TestRunner.java:596)
at org.testng.SuiteRunner.runTest(SuiteRunner.java:377)
at org.testng.SuiteRunner.runSequentially(SuiteRunner.java:371)
at org.testng.SuiteRunner.privateRun(SuiteRunner.java:332)
at org.testng.SuiteRunner.run(SuiteRunner.java:276)
at org.testng.SuiteRunnerWorker.runSuite(SuiteRunnerWorker.java:53)
at org.testng.SuiteRunnerWorker.run(SuiteRunnerWorker.java:96)
at org.testng.TestNG.runSuitesSequentially(TestNG.java:1212)
at org.testng.TestNG.runSuitesLocally(TestNG.java:1134)
at org.testng.TestNG.runSuites(TestNG.java:1063)
at org.testng.TestNG.run(TestNG.java:1031)
at com.tngtech.jgiven.testng.TestNgExecutor.execute(TestNgExecutor.java:32)
at com.tngtech.jgiven.testng.TestNgExecutor.execute(TestNgExecutor.java:41)
at com.tngtech.jgiven.testframework.WhenTestFramework.the_test_class_is_executed_with(WhenTestFramework.java:38)
at com.tngtech.jgiven.testframework.WhenTestFramework$ByteBuddy$ALE5hjgE.the_test_class_is_executed_with$accessor$ZyJuZTMD(Unknown Source)
at com.tngtech.jgiven.testframework.WhenTestFramework$ByteBuddy$ALE5hjgE$auxiliary$WuNzBZeq.call(Unknown Source)
at com.tngtech.jgiven.impl.intercept.StepInterceptorImpl.doIntercept(StepInterceptorImpl.java:111)
at com.tngtech.jgiven.impl.intercept.StepInterceptorImpl.intercept(StepInterceptorImpl.java:82)
at com.tngtech.jgiven.impl.intercept.ByteBuddyMethodInterceptor.interceptSuper(ByteBuddyMethodInterceptor.java:37)
at com.tngtech.jgiven.testframework.WhenTestFramework$ByteBuddy$ALE5hjgE.the_test_class_is_executed_with(Unknown Source)
at com.tngtech.jgiven.testng.DataProviderTestNgTest.a_scenario_with_one_failing_case_still_executes_the_following_ones(DataProviderTestNgTest.java:21)
at java.base/jdk.internal.reflect.NativeMethodAccessorImpl.invoke0(Native Method)
at java.base/jdk.internal.reflect.NativeMethodAccessorImpl.invoke(NativeMethodAccessorImpl.java:62)
at java.base/jdk.internal.reflect.DelegatingMethodAccessorImpl.invoke(DelegatingMethodAccessorImpl.java:43)
at java.base/java.lang.reflect.Method.invoke(Method.java:567)
at org.junit.runners.model.FrameworkMethod$1.runReflectiveCall(FrameworkMethod.java:59)
at org.junit.internal.runners.model.ReflectiveCallable.run(ReflectiveCallable.java:12)
at org.junit.runners.model.FrameworkMethod.invokeExplosively(FrameworkMethod.java:56)
at org.junit.internal.runners.statements.InvokeMethod.evaluate(InvokeMethod.java:17)
at com.tngtech.jgiven.junit.JGivenMethodRule$1.evaluate(JGivenMethodRule.java:73)
at org.junit.runners.ParentRunner$3.evaluate(ParentRunner.java:306)
at org.junit.runners.BlockJUnit4ClassRunner$1.evaluate(BlockJUnit4ClassRunner.java:100)
at org.junit.runners.ParentRunner.runLeaf(ParentRunner.java:366)
at org.junit.runners.BlockJUnit4ClassRunner.runChild(BlockJUnit4ClassRunner.java:103)
at org.junit.runners.BlockJUnit4ClassRunner.runChild(BlockJUnit4ClassRunner.java:63)
at org.junit.runners.ParentRunner$4.run(ParentRunner.java:331)
at org.junit.runners.ParentRunner$1.schedule(ParentRunner.java:79)
at org.junit.runners.ParentRunner.runChildren(ParentRunner.java:329)
at org.junit.runners.ParentRunner.access$100(ParentRunner.java:66)
at org.junit.runners.ParentRunner$2.evaluate(ParentRunner.java:293)
at org.junit.rules.TestWatcher$1.evaluate(TestWatcher.java:61)
at org.junit.rules.RunRules.evaluate(RunRules.java:20)
at org.junit.runners.ParentRunner$3.evaluate(ParentRunner.java:306)
at org.junit.runners.ParentRunner.run(ParentRunner.java:413)
at org.gradle.api.internal.tasks.testing.junit.JUnitTestClassExecutor.runTestClass(JUnitTestClassExecutor.java:110)
at org.gradle.api.internal.tasks.testing.junit.JUnitTestClassExecutor.execute(JUnitTestClassExecutor.java:58)
at org.gradle.api.internal.tasks.testing.junit.JUnitTestClassExecutor.execute(JUnitTestClassExecutor.java:38)
at org.gradle.api.internal.tasks.testing.junit.AbstractJUnitTestClassProcessor.processTestClass(AbstractJUnitTestClassProcessor.java:62)
at org.gradle.api.internal.tasks.testing.SuiteTestClassProcessor.processTestClass(SuiteTestClassProcessor.java:51)
at java.base/jdk.internal.reflect.NativeMethodAccessorImpl.invoke0(Native Method)
at java.base/jdk.internal.reflect.NativeMethodAccessorImpl.invoke(NativeMethodAccessorImpl.java:62)
at java.base/jdk.internal.reflect.DelegatingMethodAccessorImpl.invoke(DelegatingMethodAccessorImpl.java:43)
at java.base/java.lang.reflect.Method.invoke(Method.java:567)
at org.gradle.internal.dispatch.ReflectionDispatch.dispatch(ReflectionDispatch.java:36)
at org.gradle.internal.dispatch.ReflectionDispatch.dispatch(ReflectionDispatch.java:24)
at org.gradle.internal.dispatch.ContextClassLoaderDispatch.dispatch(ContextClassLoaderDispatch.java:33)
at org.gradle.internal.dispatch.ProxyDispatchAdapter$DispatchingInvocationHandler.invoke(ProxyDispatchAdapter.java:94)
at com.sun.proxy.$Proxy2.processTestClass(Unknown Source)
at org.gradle.api.internal.tasks.testing.worker.TestWorker.processTestClass(TestWorker.java:121)
at java.base/jdk.internal.reflect.NativeMethodAccessorImpl.invoke0(Native Method)
at java.base/jdk.internal.reflect.NativeMethodAccessorImpl.invoke(NativeMethodAccessorImpl.java:62)
at java.base/jdk.internal.reflect.DelegatingMethodAccessorImpl.invoke(DelegatingMethodAccessorImpl.java:43)
at java.base/java.lang.reflect.Method.invoke(Method.java:567)
at org.gradle.internal.dispatch.ReflectionDispatch.dispatch(ReflectionDispatch.java:36)
at org.gradle.internal.dispatch.ReflectionDispatch.dispatch(ReflectionDispatch.java:24)
at org.gradle.internal.remote.internal.hub.MessageHubBackedObjectConnection$DispatchWrapper.dispatch(MessageHubBackedObjectConnection.java:182)
at org.gradle.internal.remote.internal.hub.MessageHubBackedObjectConnection$DispatchWrapper.dispatch(MessageHubBackedObjectConnection.java:164)
at org.gradle.internal.remote.internal.hub.MessageHub$Handler.run(MessageHub.java:414)
at org.gradle.internal.concurrent.ExecutorPolicy$CatchAndRecordFailures.onExecute(ExecutorPolicy.java:64)
at org.gradle.internal.concurrent.ManagedExecutorImpl$1.run(ManagedExecutorImpl.java:48)
at java.base/java.util.concurrent.ThreadPoolExecutor.runWorker(ThreadPoolExecutor.java:1128)
at java.base/java.util.concurrent.ThreadPoolExecutor$Worker.run(ThreadPoolExecutor.java:628)
at org.gradle.internal.concurrent.ThreadFactoryImpl$ManagedThreadRunnable.run(ThreadFactoryImpl.java:56)
at java.base/java.lang.Thread.run(Thread.java:830)
]]>
            </full-stacktrace>
          </exception> <!-- java.lang.IllegalArgumentException -->
          <reporter-output>
          </reporter-output>
        </test-method> <!-- failing_cases_do_not_lead_to_ignored_following_cases -->
        <test-method signature="failing_cases_do_not_lead_to_ignored_following_cases(boolean)[pri:0, instance:com.tngtech.jgiven.tests.FailingCasesTestNgTest@5d035a14]" started-at="2021-08-17T15:24:33 MESZ" name="failing_cases_do_not_lead_to_ignored_following_cases" data-provider="booleans" finished-at="2021-08-17T15:24:33 MESZ" duration-ms="1" status="PASS">
          <params>
            <param index="0">
              <value>
                <![CDATA[false]]>
              </value>
            </param>
          </params>
          <reporter-output>
          </reporter-output>
        </test-method> <!-- failing_cases_do_not_lead_to_ignored_following_cases -->
      </class> <!-- com.tngtech.jgiven.tests.FailingCasesTestNgTest -->
    </test> <!-- Command line test -->
  </suite> <!-- Command line suite -->
</testng-results>
